0 info it worked if it ends with ok
1 verbose cli [ '/Users/dexterlesaca/.nvm/versions/node/v6.10.2/bin/node',
1 verbose cli   '/Users/dexterlesaca/.nvm/versions/node/v6.10.2/bin/npm',
1 verbose cli   'start' ]
2 info using npm@3.10.10
3 info using node@v6.10.2
4 verbose run-script [ 'prestart', 'start', 'poststart' ]
5 info lifecycle fabcar@1.0.0~prestart: fabcar@1.0.0
6 silly lifecycle fabcar@1.0.0~prestart: no script for prestart, continuing
7 info lifecycle fabcar@1.0.0~start: fabcar@1.0.0
8 verbose lifecycle fabcar@1.0.0~start: unsafe-perm in lifecycle true
9 verbose lifecycle fabcar@1.0.0~start: PATH: /Users/dexterlesaca/.nvm/versions/node/v6.10.2/lib/node_modules/npm/bin/node-gyp-bin:/Users/dexterlesaca/dev/ibm/blockchain/documentation/fabric-samples/fabcar/node_modules/.bin:/Users/dexterlesaca/.rvm/gems/ruby-2.3.1/bin:/Users/dexterlesaca/.rvm/gems/ruby-2.3.1@global/bin:/Users/dexterlesaca/.rvm/rubies/ruby-2.3.1/bin:/Users/dexterlesaca/.nvm/versions/node/v6.10.2/bin:/Users/dexterlesaca/.node/bin:/Users/dexterlesaca/anaconda3/bin:/Library/Java/JavaVirtualMachines/jdk1.8.0_73.jdk/Contents/Home/bin:/Users/admin/.gem/ruby/2.1.3/bin:/Users/admin/.rubies/ruby-2.1.3/lib/ruby/gems/2.1.0/bin:/Users/admin/.rubies/ruby-2.1.3/bin:/usr/local/heroku/bin:/usr/local/bin:/usr/bin:/bin:/usr/sbin:/sbin:/Users/admin/.rvm/bin:/Users/admin/Desktop/Sandbox/enjm/nodetest1/mongodb/bin:/opt/local/bin ./node_modules/.bin:/usr/local/bin:/usr/bin:/bin:/usr/sbin:/sbin:/usr/local/go/bin:/Users/dexterlesaca/apache-maven-3.3.9/bin:/Applications/Postgres.app/Contents/Versions/latest/bin:/Applications/MySQLWorkbench.app/Contents/MacOS:/Users/dexterlesaca/.rvm/bin
10 verbose lifecycle fabcar@1.0.0~start: CWD: /Users/dexterlesaca/dev/ibm/blockchain/documentation/fabric-samples/fabcar
11 silly lifecycle fabcar@1.0.0~start: Args: [ '-c', 'node ./bin/www' ]
12 silly lifecycle fabcar@1.0.0~start: Returned: code: 1  signal: null
13 info lifecycle fabcar@1.0.0~start: Failed to exec start script
14 verbose stack Error: fabcar@1.0.0 start: `node ./bin/www`
14 verbose stack Exit status 1
14 verbose stack     at EventEmitter.<anonymous> (/Users/dexterlesaca/.nvm/versions/node/v6.10.2/lib/node_modules/npm/lib/utils/lifecycle.js:255:16)
14 verbose stack     at emitTwo (events.js:106:13)
14 verbose stack     at EventEmitter.emit (events.js:191:7)
14 verbose stack     at ChildProcess.<anonymous> (/Users/dexterlesaca/.nvm/versions/node/v6.10.2/lib/node_modules/npm/lib/utils/spawn.js:40:14)
14 verbose stack     at emitTwo (events.js:106:13)
14 verbose stack     at ChildProcess.emit (events.js:191:7)
14 verbose stack     at maybeClose (internal/child_process.js:886:16)
14 verbose stack     at Process.ChildProcess._handle.onexit (internal/child_process.js:226:5)
15 verbose pkgid fabcar@1.0.0
16 verbose cwd /Users/dexterlesaca/dev/ibm/blockchain/documentation/fabric-samples/fabcar
17 error Darwin 15.6.0
18 error argv "/Users/dexterlesaca/.nvm/versions/node/v6.10.2/bin/node" "/Users/dexterlesaca/.nvm/versions/node/v6.10.2/bin/npm" "start"
19 error node v6.10.2
20 error npm  v3.10.10
21 error code ELIFECYCLE
22 error fabcar@1.0.0 start: `node ./bin/www`
22 error Exit status 1
23 error Failed at the fabcar@1.0.0 start script 'node ./bin/www'.
23 error Make sure you have the latest version of node.js and npm installed.
23 error If you do, this is most likely a problem with the fabcar package,
23 error not with npm itself.
23 error Tell the author that this fails on your system:
23 error     node ./bin/www
23 error You can get information on how to open an issue for this project with:
23 error     npm bugs fabcar
23 error Or if that isn't available, you can get their info via:
23 error     npm owner ls fabcar
23 error There is likely additional logging output above.
24 verbose exit [ 1, true ]
